<?xml version="1.0" encoding="UTF-8"?>
<testng-results skipped="0" failed="0" ignored="0" total="2" passed="2">
  <reporter-output>
  </reporter-output>
  <suite name="Suite" duration-ms="6923" started-at="2021-09-20T19:14:29 IST" finished-at="2021-09-20T19:14:36 IST">
    <groups>
    </groups>
    <test name="Test" duration-ms="6923" started-at="2021-09-20T19:14:29 IST" finished-at="2021-09-20T19:14:36 IST">
      <class name="testcase.testcase1">
        <test-method status="PASS" signature="launchsite(java.lang.String,java.lang.String)[pri:0, instance:testcase.testcase1@79e2c065]" name="launchsite" is-config="true" duration-ms="3267" started-at="2021-09-20T19:14:29 IST" finished-at="2021-09-20T19:14:32 IST">
          <params>
            <param index="0">
              <value>
                <![CDATA[Chrome]]>
              </value>
            </param>
            <param index="1">
              <value>
                <![CDATA[80]]>
              </value>
            </param>
          </params>
          <reporter-output>
          </reporter-output>
        </test-method> <!-- launchsite -->
        <test-method status="PASS" signature="search_fields()[pri:1, instance:testcase.testcase1@79e2c065]" name="search_fields" duration-ms="379" started-at="2021-09-20T19:14:32 IST" finished-at="2021-09-20T19:14:33 IST">
          <reporter-output>
          </reporter-output>
        </test-method> <!-- search_fields -->
        <test-method status="PASS" signature="search()[pri:2, instance:testcase.testcase1@79e2c065]" name="search" duration-ms="2109" started-at="2021-09-20T19:14:33 IST" finished-at="2021-09-20T19:14:35 IST">
          <reporter-output>
          </reporter-output>
        </test-method> <!-- search -->
        <test-method status="PASS" signature="tearDown()[pri:0, instance:testcase.testcase1@79e2c065]" name="tearDown" is-config="true" duration-ms="646" started-at="2021-09-20T19:14:35 IST" finished-at="2021-09-20T19:14:36 IST">
          <reporter-output>
          </reporter-output>
        </test-method> <!-- tearDown -->
      </class> <!-- testcase.testcase1 -->
    </test> <!-- Test -->
  </suite> <!-- Suite -->
</testng-results>
