<?xml version="1.0" encoding="UTF-8"?>
<testng-results skipped="0" failed="0" ignored="0" total="2" passed="2">
  <reporter-output>
  </reporter-output>
  <suite name="Suite" duration-ms="172788" started-at="2021-09-29T18:38:06 IST" finished-at="2021-09-29T18:40:58 IST">
    <groups>
    </groups>
    <test name="Test" duration-ms="172788" started-at="2021-09-29T18:38:06 IST" finished-at="2021-09-29T18:40:58 IST">
      <class name="recaptcha.ListView">
        <test-method status="PASS" signature="launchsite(java.lang.String,java.lang.String)[pri:0, instance:recaptcha.ListView@6ae5aa72]" name="launchsite" is-config="true" duration-ms="3414" started-at="2021-09-29T18:38:06 IST" finished-at="2021-09-29T18:38:09 IST">
          <params>
            <param index="0">
              <value>
                <![CDATA[chrome]]>
              </value>
            </param>
            <param index="1">
              <value>
                <![CDATA[80]]>
              </value>
            </param>
          </params>
          <reporter-output>
          </reporter-output>
        </test-method> <!-- launchsite -->
        <test-method status="PASS" signature="launchsite(java.lang.String)[pri:0, instance:recaptcha.ListView@6ae5aa72]" name="launchsite" is-config="true" duration-ms="65924" started-at="2021-09-29T18:38:09 IST" finished-at="2021-09-29T18:39:15 IST">
          <params>
            <param index="0">
              <value>
                <![CDATA[bhgre]]>
              </value>
            </param>
          </params>
          <reporter-output>
          </reporter-output>
        </test-method> <!-- launchsite -->
        <test-method status="PASS" signature="saveSearchListView()[pri:1, instance:recaptcha.ListView@6ae5aa72]" name="saveSearchListView" duration-ms="45736" started-at="2021-09-29T18:39:15 IST" finished-at="2021-09-29T18:40:01 IST">
          <reporter-output>
          </reporter-output>
        </test-method> <!-- saveSearchListView -->
        <test-method status="PASS" signature="launchsite(java.lang.String)[pri:0, instance:recaptcha.ListView@6ae5aa72]" name="launchsite" is-config="true" duration-ms="10358" started-at="2021-09-29T18:40:01 IST" finished-at="2021-09-29T18:40:11 IST">
          <params>
            <param index="0">
              <value>
                <![CDATA[bhgre]]>
              </value>
            </param>
          </params>
          <reporter-output>
          </reporter-output>
        </test-method> <!-- launchsite -->
        <test-method status="PASS" signature="HeartIconinListView()[pri:2, instance:recaptcha.ListView@6ae5aa72]" name="HeartIconinListView" duration-ms="45701" started-at="2021-09-29T18:40:11 IST" finished-at="2021-09-29T18:40:57 IST">
          <reporter-output>
          </reporter-output>
        </test-method> <!-- HeartIconinListView -->
        <test-method status="PASS" signature="tearDown()[pri:0, instance:recaptcha.ListView@6ae5aa72]" name="tearDown" is-config="true" duration-ms="749" started-at="2021-09-29T18:40:58 IST" finished-at="2021-09-29T18:40:58 IST">
          <reporter-output>
          </reporter-output>
        </test-method> <!-- tearDown -->
      </class> <!-- recaptcha.ListView -->
    </test> <!-- Test -->
  </suite> <!-- Suite -->
</testng-results>
